#
# There is insufficient memory for the Java Runtime Environment to continue.
# Native memory allocation (malloc) failed to allocate 1052656 bytes for Chunk::new
# Possible reasons:
#   The system is out of physical RAM or swap space
#   The process is running with CompressedOops enabled, and the Java Heap may be blocking the growth of the native heap
# Possible solutions:
#   Reduce memory load on the system
#   Increase physical memory or swap space
#   Check if swap backing store is full
#   Decrease Java heap size (-Xmx/-Xms)
#   Decrease number of Java threads
#   Decrease Java thread stack sizes (-Xss)
#   Set larger code cache with -XX:ReservedCodeCacheSize=
#   JVM is running with Unscaled Compressed Oops mode in which the Java heap is
#     placed in the first 4GB address space. The Java Heap base address is the
#     maximum limit for the native heap growth. Please use -XX:HeapBaseMinAddress
#     to set the Java Heap base and to place the Java Heap above 4GB virtual address.
# This output file may be truncated or incomplete.
#
#  Out of Memory Error (allocation.cpp:389), pid=14408, tid=0x0000000000003bb8
#
# JRE version: OpenJDK Runtime Environment (8.0_212-b04) (build 1.8.0_212-release-1586-b04)
# Java VM: OpenJDK 64-Bit Server VM (25.212-b04 mixed mode windows-amd64 compressed oops)
# Failed to write core dump. Minidumps are not enabled by default on client versions of Windows
#

---------------  T H R E A D  ---------------

Current thread (0x000000001984d000):  JavaThread "C2 CompilerThread0" daemon [_thread_in_native, id=15288, stack(0x000000001aeb0000,0x000000001afb0000)]

Stack: [0x000000001aeb0000,0x000000001afb0000]
[error occurred during error reporting (printing stack bounds), id 0xc0000005]

Native frames: (J=compiled Java code, j=interpreted, Vv=VM code, C=native code)


Current CompileTask:
C2:   1140 1666       4       org.jetbrains.kotlin.com.intellij.openapi.vfs.impl.ZipHandlerBase::getOrCreate (226 bytes)


---------------  P R O C E S S  ---------------

Java Threads: ( => current thread )
  0x00000000198df800 JavaThread "Service Thread" daemon [_thread_blocked, id=5420, stack(0x000000001b2b0000,0x000000001b3b0000)]
  0x0000000019858000 JavaThread "C1 CompilerThread3" daemon [_thread_in_vm, id=6640, stack(0x000000001b1b0000,0x000000001b2b0000)]
  0x0000000019857000 JavaThread "C2 CompilerThread2" daemon [_thread_in_native, id=11228, stack(0x000000001b0b0000,0x000000001b1b0000)]
  0x0000000019852000 JavaThread "C2 CompilerThread1" daemon [_thread_in_vm, id=11032, stack(0x000000001afb0000,0x000000001b0b0000)]
=>0x000000001984d000 JavaThread "C2 CompilerThread0" daemon [_thread_in_native, id=15288, stack(0x000000001aeb0000,0x000000001afb0000)]
  0x0000000019847000 JavaThread "Attach Listener" daemon [_thread_blocked, id=10208, stack(0x000000001adb0000,0x000000001aeb0000)]
  0x0000000019846000 JavaThread "Signal Dispatcher" daemon [_thread_blocked, id=7500, stack(0x000000001acb0000,0x000000001adb0000)]
  0x0000000018164000 JavaThread "Finalizer" daemon [_thread_blocked, id=512, stack(0x000000001aaa0000,0x000000001aba0000)]
  0x0000000019833000 JavaThread "Reference Handler" daemon [_thread_blocked, id=7112, stack(0x000000001a9a0000,0x000000001aaa0000)]
  0x0000000002f65800 JavaThread "main" [_thread_in_Java, id=9360, stack(0x0000000002e60000,0x0000000002f60000)]

Other Threads:
  0x000000000305d800 VMThread [stack: 0x000000001a8a0000,0x000000001a9a0000] [id=14000]
  0x00000000198e8800 WatcherThread [stack: 0x000000001b3b0000,0x000000001b4b0000] [id=1116]

VM state:not at safepoint (normal execution)

VM Mutex/Monitor currently owned by a thread: None

heap address: 0x0000000082600000, size: 2010 MB, Compressed Oops mode: 32-bit
Narrow klass base: 0x0000000000000000, Narrow klass shift: 3
Compressed class space size: 1073741824 Address: 0x0000000100000000

Heap:
 PSYoungGen      total 70656K, used 31703K [0x00000000d6200000, 0x00000000dec00000, 0x0000000100000000)
  eden space 65536K, 48% used [0x00000000d6200000,0x00000000d80f5d88,0x00000000da200000)
  from space 5120K, 0% used [0x00000000da200000,0x00000000da200000,0x00000000da700000)
  to   space 5120K, 0% used [0x00000000de700000,0x00000000de700000,0x00000000dec00000)
 ParOldGen       total 65024K, used 9139K [0x0000000082600000, 0x0000000086580000, 0x00000000d6200000)
  object space 65024K, 14% used [0x0000000082600000,0x0000000082eecff0,0x0000000086580000)
 Metaspace       used 24573K, capacity 25006K, committed 25136K, reserved 1071104K
  class space    used 2948K, capacity 3090K, committed 3120K, reserved 1048576K

Card table byte_map: [0x0000000012420000,0x0000000012810000] byte_map_base: 0x000000001200d000

Marking Bits: (ParMarkBitMap*) 0x0000000059879f30
 Begin Bits: [0x00000000134b0000, 0x0000000015418000)
 End Bits:   [0x0000000015418000, 0x0000000017380000)

Polling page: 0x0000000000e10000

CodeCache: size=245760Kb used=5247Kb max_used=5247Kb free=240512Kb
 bounds [0x0000000003060000, 0x0000000003590000, 0x0000000012060000]
 total_blobs=2182 nmethods=1767 adapters=328
 compilation: enabled

Compilation events (10 events):
Event: 1.130 Thread 0x0000000019858000 1742       3       org.jetbrains.kotlin.protobuf.CodedInputStream::readTag (41 bytes)
Event: 1.131 Thread 0x0000000019858000 nmethod 1742 0x0000000003572910 code [0x0000000003572aa0, 0x0000000003572f88]
Event: 1.131 Thread 0x0000000019858000 1743       3       org.jetbrains.kotlin.protobuf.CodedInputStream::isAtEnd (25 bytes)
Event: 1.131 Thread 0x0000000019858000 nmethod 1743 0x00000000035702d0 code [0x0000000003570440, 0x0000000003570668]
Event: 1.131 Thread 0x0000000019858000 1744       3       org.jetbrains.kotlin.protobuf.WireFormat::getTagFieldNumber (4 bytes)
Event: 1.131 Thread 0x0000000019858000 nmethod 1744 0x0000000003569f50 code [0x000000000356a0a0, 0x000000000356a1d0]
Event: 1.136 Thread 0x0000000019858000 1746       3       org.jetbrains.kotlin.protobuf.CodedInputStream::recomputeBufferSizeAfterLimit (63 bytes)
Event: 1.136 Thread 0x0000000019858000 nmethod 1746 0x0000000003572550 code [0x00000000035726a0, 0x0000000003572870]
Event: 1.136 Thread 0x0000000019858000 1747       3       org.jetbrains.kotlin.protobuf.CodedInputStream::readInt32 (5 bytes)
Event: 1.136 Thread 0x0000000019858000 nmethod 1747 0x0000000003572150 code [0x00000000035722c0, 0x00000000035724c8]

GC Heap History (8 events):
Event: 0.399 GC heap before
{Heap before GC invocations=1 (full 0):
 PSYoungGen      total 37888K, used 32768K [0x00000000d6200000, 0x00000000d8c00000, 0x0000000100000000)
  eden space 32768K, 100% used [0x00000000d6200000,0x00000000d8200000,0x00000000d8200000)
  from space 5120K, 0% used [0x00000000d8700000,0x00000000d8700000,0x00000000d8c00000)
  to   space 5120K, 0% used [0x00000000d8200000,0x00000000d8200000,0x00000000d8700000)
 ParOldGen       total 86016K, used 0K [0x0000000082600000, 0x0000000087a00000, 0x00000000d6200000)
  object space 86016K, 0% used [0x0000000082600000,0x0000000082600000,0x0000000087a00000)
 Metaspace       used 9882K, capacity 10156K, committed 10496K, reserved 1058816K
  class space    used 1090K, capacity 1180K, committed 1280K, reserved 1048576K
Event: 0.404 GC heap after
Heap after GC invocations=1 (full 0):
 PSYoungGen      total 37888K, used 5094K [0x00000000d6200000, 0x00000000dac00000, 0x0000000100000000)
  eden space 32768K, 0% used [0x00000000d6200000,0x00000000d6200000,0x00000000d8200000)
  from space 5120K, 99% used [0x00000000d8200000,0x00000000d86f98b8,0x00000000d8700000)
  to   space 5120K, 0% used [0x00000000da700000,0x00000000da700000,0x00000000dac00000)
 ParOldGen       total 86016K, used 2595K [0x0000000082600000, 0x0000000087a00000, 0x00000000d6200000)
  object space 86016K, 3% used [0x0000000082600000,0x0000000082888e80,0x0000000087a00000)
 Metaspace       used 9882K, capacity 10156K, committed 10496K, reserved 1058816K
  class space    used 1090K, capacity 1180K, committed 1280K, reserved 1048576K
}
Event: 0.694 GC heap before
{Heap before GC invocations=2 (full 0):
 PSYoungGen      total 37888K, used 37862K [0x00000000d6200000, 0x00000000dac00000, 0x0000000100000000)
  eden space 32768K, 100% used [0x00000000d6200000,0x00000000d8200000,0x00000000d8200000)
  from space 5120K, 99% used [0x00000000d8200000,0x00000000d86f98b8,0x00000000d8700000)
  to   space 5120K, 0% used [0x00000000da700000,0x00000000da700000,0x00000000dac00000)
 ParOldGen       total 86016K, used 2595K [0x0000000082600000, 0x0000000087a00000, 0x00000000d6200000)
  object space 86016K, 3% used [0x0000000082600000,0x0000000082888e80,0x0000000087a00000)
 Metaspace       used 15767K, capacity 16070K, committed 16256K, reserved 1062912K
  class space    used 1832K, capacity 1913K, committed 1920K, reserved 1048576K
Event: 0.700 GC heap after
Heap after GC invocations=2 (full 0):
 PSYoungGen      total 70656K, used 5088K [0x00000000d6200000, 0x00000000dac00000, 0x0000000100000000)
  eden space 65536K, 0% used [0x00000000d6200000,0x00000000d6200000,0x00000000da200000)
  from space 5120K, 99% used [0x00000000da700000,0x00000000dabf8020,0x00000000dac00000)
  to   space 5120K, 0% used [0x00000000da200000,0x00000000da200000,0x00000000da700000)
 ParOldGen       total 86016K, used 7556K [0x0000000082600000, 0x0000000087a00000, 0x00000000d6200000)
  object space 86016K, 8% used [0x0000000082600000,0x0000000082d61108,0x0000000087a00000)
 Metaspace       used 15767K, capacity 16070K, committed 16256K, reserved 1062912K
  class space    used 1832K, capacity 1913K, committed 1920K, reserved 1048576K
}
Event: 0.877 GC heap before
{Heap before GC invocations=3 (full 0):
 PSYoungGen      total 70656K, used 25045K [0x00000000d6200000, 0x00000000dac00000, 0x0000000100000000)
  eden space 65536K, 30% used [0x00000000d6200000,0x00000000d757d6f0,0x00000000da200000)
  from space 5120K, 99% used [0x00000000da700000,0x00000000dabf8020,0x00000000dac00000)
  to   space 5120K, 0% used [0x00000000da200000,0x00000000da200000,0x00000000da700000)
 ParOldGen       total 86016K, used 7556K [0x0000000082600000, 0x0000000087a00000, 0x00000000d6200000)
  object space 86016K, 8% used [0x0000000082600000,0x0000000082d61108,0x0000000087a00000)
 Metaspace       used 20776K, capacity 21186K, committed 21296K, reserved 1069056K
  class space    used 2455K, capacity 2593K, committed 2608K, reserved 1048576K
Event: 0.883 GC heap after
Heap after GC invocations=3 (full 0):
 PSYoungGen      total 70656K, used 5104K [0x00000000d6200000, 0x00000000dec00000, 0x0000000100000000)
  eden space 65536K, 0% used [0x00000000d6200000,0x00000000d6200000,0x00000000da200000)
  from space 5120K, 99% used [0x00000000da200000,0x00000000da6fc040,0x00000000da700000)
  to   space 5120K, 0% used [0x00000000de700000,0x00000000de700000,0x00000000dec00000)
 ParOldGen       total 86016K, used 11758K [0x0000000082600000, 0x0000000087a00000, 0x00000000d6200000)
  object space 86016K, 13% used [0x0000000082600000,0x000000008317bbf8,0x0000000087a00000)
 Metaspace       used 20776K, capacity 21186K, committed 21296K, reserved 1069056K
  class space    used 2455K, capacity 2593K, committed 2608K, reserved 1048576K
}
Event: 0.883 GC heap before
{Heap before GC invocations=4 (full 1):
 PSYoungGen      total 70656K, used 5104K [0x00000000d6200000, 0x00000000dec00000, 0x0000000100000000)
  eden space 65536K, 0% used [0x00000000d6200000,0x00000000d6200000,0x00000000da200000)
  from space 5120K, 99% used [0x00000000da200000,0x00000000da6fc040,0x00000000da700000)
  to   space 5120K, 0% used [0x00000000de700000,0x00000000de700000,0x00000000dec00000)
 ParOldGen       total 86016K, used 11758K [0x0000000082600000, 0x0000000087a00000, 0x00000000d6200000)
  object space 86016K, 13% used [0x0000000082600000,0x000000008317bbf8,0x0000000087a00000)
 Metaspace       used 20776K, capacity 21186K, committed 21296K, reserved 1069056K
  class space    used 2455K, capacity 2593K, committed 2608K, reserved 1048576K
Event: 0.905 GC heap after
Heap after GC invocations=4 (full 1):
 PSYoungGen      total 70656K, used 0K [0x00000000d6200000, 0x00000000dec00000, 0x0000000100000000)
  eden space 65536K, 0% used [0x00000000d6200000,0x00000000d6200000,0x00000000da200000)
  from space 5120K, 0% used [0x00000000da200000,0x00000000da200000,0x00000000da700000)
  to   space 5120K, 0% used [0x00000000de700000,0x00000000de700000,0x00000000dec00000)
 ParOldGen       total 65024K, used 9139K [0x0000000082600000, 0x0000000086580000, 0x00000000d6200000)
  object space 65024K, 14% used [0x0000000082600000,0x0000000082eecff0,0x0000000086580000)
 Metaspace       used 20776K, capacity 21186K, committed 21296K, reserved 1069056K
  class space    used 2455K, capacity 2593K, committed 2608K, reserved 1048576K
}

Deoptimization events (10 events):
Event: 0.907 Thread 0x0000000002f65800 Uncommon trap: reason=unstable_if action=reinterpret pc=0x000000000326e6d8 method=sun.misc.MetaIndex.mayContain(Ljava/lang/String;)Z @ 38
Event: 0.971 Thread 0x0000000002f65800 Uncommon trap: reason=unstable_if action=reinterpret pc=0x00000000033e0b24 method=java.lang.String.<init>([CII)V @ 18
Event: 1.049 Thread 0x0000000002f65800 Uncommon trap: reason=class_check action=maybe_recompile pc=0x000000000355eee0 method=gnu.trove.TObjectHash.computeHashCode(Ljava/lang/Object;)I @ 5
Event: 1.049 Thread 0x0000000002f65800 Uncommon trap: reason=class_check action=maybe_recompile pc=0x000000000355eee0 method=gnu.trove.TObjectHash.computeHashCode(Ljava/lang/Object;)I @ 5
Event: 1.049 Thread 0x0000000002f65800 Uncommon trap: reason=class_check action=maybe_recompile pc=0x000000000355eee0 method=gnu.trove.TObjectHash.computeHashCode(Ljava/lang/Object;)I @ 5
Event: 1.049 Thread 0x0000000002f65800 Uncommon trap: reason=class_check action=maybe_recompile pc=0x000000000355d788 method=gnu.trove.TObjectHash.equals(Ljava/lang/Object;Ljava/lang/Object;)Z @ 6
Event: 1.049 Thread 0x0000000002f65800 Uncommon trap: reason=class_check action=maybe_recompile pc=0x000000000355eee0 method=gnu.trove.TObjectHash.computeHashCode(Ljava/lang/Object;)I @ 5
Event: 1.050 Thread 0x0000000002f65800 Uncommon trap: reason=class_check action=maybe_recompile pc=0x000000000355d788 method=gnu.trove.TObjectHash.equals(Ljava/lang/Object;Ljava/lang/Object;)Z @ 6
Event: 1.050 Thread 0x0000000002f65800 Uncommon trap: reason=class_check action=maybe_recompile pc=0x000000000355d788 method=gnu.trove.TObjectHash.equals(Ljava/lang/Object;Ljava/lang/Object;)Z @ 6
Event: 1.050 Thread 0x0000000002f65800 Uncommon trap: reason=class_check action=maybe_recompile pc=0x000000000355d788 method=gnu.trove.TObjectHash.equals(Ljava/lang/Object;Ljava/lang/Object;)Z @ 6

Classes redefined (0 events):
No events

Internal exceptions (10 events):
Event: 0.241 Thread 0x0000000002f65800 Exception <a 'java/security/PrivilegedActionException'> (0x00000000d708c120) thrown at [D:\src\AOSP-openjdk-cygwin\jdk8u\hotspot\src\share\vm\prims\jvm.cpp, line 1502]
Event: 0.241 Thread 0x0000000002f65800 Exception <a 'java/security/PrivilegedActionException'> (0x00000000d708dc10) thrown at [D:\src\AOSP-openjdk-cygwin\jdk8u\hotspot\src\share\vm\prims\jvm.cpp, line 1502]
Event: 0.241 Thread 0x0000000002f65800 Exception <a 'java/security/PrivilegedActionException'> (0x00000000d708e008) thrown at [D:\src\AOSP-openjdk-cygwin\jdk8u\hotspot\src\share\vm\prims\jvm.cpp, line 1502]
Event: 0.361 Thread 0x0000000002f65800 Exception <a 'java/lang/ArrayIndexOutOfBoundsException'> (0x00000000d7d98210) thrown at [D:\src\AOSP-openjdk-cygwin\jdk8u\hotspot\src\share\vm\runtime\sharedRuntime.cpp, line 605]
Event: 0.459 Thread 0x0000000002f65800 Exception <a 'java/lang/ArrayIndexOutOfBoundsException'> (0x00000000d6763de0) thrown at [D:\src\AOSP-openjdk-cygwin\jdk8u\hotspot\src\share\vm\runtime\sharedRuntime.cpp, line 605]
Event: 0.716 Thread 0x0000000002f65800 Exception <a 'java/lang/NoSuchMethodError': java.lang.Object.lambda$comparing$77a9974f$1(Ljava/util/function/Function;Ljava/lang/Object;Ljava/lang/Object;)I> (0x00000000d639a578) thrown at [D:\src\AOSP-openjdk-cygwin\jdk8u\hotspot\src\share\vm\interpreter
Event: 0.725 Thread 0x0000000002f65800 Exception <a 'java/lang/NoSuchMethodError': java.lang.Object.lambda$static$0()J> (0x00000000d6508080) thrown at [D:\src\AOSP-openjdk-cygwin\jdk8u\hotspot\src\share\vm\interpreter\linkResolver.cpp, line 620]
Event: 0.804 Thread 0x0000000002f65800 Exception <a 'java/lang/NoSuchMethodError': java.lang.Object.lambda$static$0(I)[Lorg/jetbrains/kotlin/com/intellij/openapi/editor/event/DocumentListener;> (0x00000000d6c599b8) thrown at [D:\src\AOSP-openjdk-cygwin\jdk8u\hotspot\src\share\vm\interpreter\li
Event: 0.822 Thread 0x0000000002f65800 Exception <a 'java/lang/NoSuchMethodError': java.lang.Object.lambda$static$0(I)[Lorg/jetbrains/kotlin/com/intellij/psi/PsiAnnotation;> (0x00000000d6e78c00) thrown at [D:\src\AOSP-openjdk-cygwin\jdk8u\hotspot\src\share\vm\interpreter\linkResolver.cpp, line
Event: 0.871 Thread 0x0000000002f65800 Exception <a 'java/lang/NoSuchMethodError': java.lang.Object.lambda$static$0(I)[Lorg/jetbrains/kotlin/com/intellij/psi/PsiElement;> (0x00000000d73c0430) thrown at [D:\src\AOSP-openjdk-cygwin\jdk8u\hotspot\src\share\vm\interpreter\linkResolver.cpp, line 62

Events (10 events):
Event: 1.135 loading class org/jetbrains/kotlin/metadata/ProtoBuf$Type$Argument
Event: 1.135 loading class org/jetbrains/kotlin/metadata/ProtoBuf$Type$Argument done
Event: 1.135 loading class org/jetbrains/kotlin/metadata/ProtoBuf$Type$ArgumentOrBuilder
Event: 1.135 loading class org/jetbrains/kotlin/metadata/ProtoBuf$Type$ArgumentOrBuilder done
Event: 1.136 loading class org/jetbrains/kotlin/metadata/ProtoBuf$Type$Argument$1
Event: 1.136 loading class org/jetbrains/kotlin/metadata/ProtoBuf$Type$Argument$1 done
Event: 1.136 loading class org/jetbrains/kotlin/metadata/ProtoBuf$Type$Argument$Projection
Event: 1.136 loading class org/jetbrains/kotlin/metadata/ProtoBuf$Type$Argument$Projection done
Event: 1.136 loading class org/jetbrains/kotlin/metadata/ProtoBuf$Type$Argument$Projection$1
Event: 1.136 loading class org/jetbrains/kotlin/metadata/ProtoBuf$Type$Argument$Projection$1 done


Dynamic libraries:
0x00007ff696c40000 - 0x00007ff696c71000 	C:\Program Files\Android\Android Studio\jre\jre\bin\java.exe
0x00007ffa85fe0000 - 0x00007ffa861d0000 	C:\WINDOWS\SYSTEM32\ntdll.dll
0x00007ffa84fe0000 - 0x00007ffa85092000 	C:\WINDOWS\System32\KERNEL32.DLL
0x00007ffa82f70000 - 0x00007ffa83213000 	C:\WINDOWS\System32\KERNELBASE.dll
0x00007ffa84290000 - 0x00007ffa84333000 	C:\WINDOWS\System32\ADVAPI32.dll
0x00007ffa85df0000 - 0x00007ffa85e8e000 	C:\WINDOWS\System32\msvcrt.dll
0x00007ffa841f0000 - 0x00007ffa84287000 	C:\WINDOWS\System32\sechost.dll
0x00007ffa847b0000 - 0x00007ffa848d0000 	C:\WINDOWS\System32\RPCRT4.dll
0x00007ffa85220000 - 0x00007ffa853b4000 	C:\WINDOWS\System32\USER32.dll
0x00007ffa83610000 - 0x00007ffa83631000 	C:\WINDOWS\System32\win32u.dll
0x00007ffa84c00000 - 0x00007ffa84c26000 	C:\WINDOWS\System32\GDI32.dll
0x00007ffa83ec0000 - 0x00007ffa84054000 	C:\WINDOWS\System32\gdi32full.dll
0x00007ffa83320000 - 0x00007ffa833be000 	C:\WINDOWS\System32\msvcp_win.dll
0x00007ffa83220000 - 0x00007ffa8331a000 	C:\WINDOWS\System32\ucrtbase.dll
0x00007ffa72bb0000 - 0x00007ffa72e35000 	C:\WINDOWS\WinSxS\amd64_microsoft.windows.common-controls_6595b64144ccf1df_6.0.18362.720_none_e6beb5c51314836b\COMCTL32.dll
0x00007ffa85ab0000 - 0x00007ffa85de6000 	C:\WINDOWS\System32\combase.dll
0x00007ffa83e40000 - 0x00007ffa83ec0000 	C:\WINDOWS\System32\bcryptPrimitives.dll
0x00007ffa841c0000 - 0x00007ffa841ee000 	C:\WINDOWS\System32\IMM32.DLL
0x000000005a4f0000 - 0x000000005a5c2000 	C:\Program Files\Android\Android Studio\jre\jre\bin\msvcr100.dll
0x00000000590b0000 - 0x00000000598f6000 	C:\Program Files\Android\Android Studio\jre\jre\bin\server\jvm.dll
0x00007ffa84e20000 - 0x00007ffa84e28000 	C:\WINDOWS\System32\PSAPI.DLL
0x00007ffa80fc0000 - 0x00007ffa80fc9000 	C:\WINDOWS\SYSTEM32\WSOCK32.dll
0x00007ffa80e20000 - 0x00007ffa80e44000 	C:\WINDOWS\SYSTEM32\WINMM.dll
0x00007ffa7cd90000 - 0x00007ffa7cd9a000 	C:\WINDOWS\SYSTEM32\VERSION.dll
0x00007ffa85120000 - 0x00007ffa8518f000 	C:\WINDOWS\System32\WS2_32.dll
0x00007ffa80a80000 - 0x00007ffa80aad000 	C:\WINDOWS\SYSTEM32\WINMMBASE.dll
0x00007ffa833c0000 - 0x00007ffa8340a000 	C:\WINDOWS\System32\cfgmgr32.dll
0x00007ffa7e5e0000 - 0x00007ffa7e5ef000 	C:\Program Files\Android\Android Studio\jre\jre\bin\verify.dll
0x00007ffa7c2e0000 - 0x00007ffa7c309000 	C:\Program Files\Android\Android Studio\jre\jre\bin\java.dll
0x00007ffa7e480000 - 0x00007ffa7e496000 	C:\Program Files\Android\Android Studio\jre\jre\bin\zip.dll
0x00007ffa853c0000 - 0x00007ffa85aa5000 	C:\WINDOWS\System32\SHELL32.dll
0x00007ffa84b50000 - 0x00007ffa84bf9000 	C:\WINDOWS\System32\shcore.dll
0x00007ffa836c0000 - 0x00007ffa83e40000 	C:\WINDOWS\System32\windows.storage.dll
0x00007ffa82ef0000 - 0x00007ffa82f13000 	C:\WINDOWS\System32\profapi.dll
0x00007ffa82f20000 - 0x00007ffa82f6a000 	C:\WINDOWS\System32\powrprof.dll
0x00007ffa82ea0000 - 0x00007ffa82eb0000 	C:\WINDOWS\System32\UMPDC.dll
0x00007ffa85f40000 - 0x00007ffa85f92000 	C:\WINDOWS\System32\shlwapi.dll
0x00007ffa82ed0000 - 0x00007ffa82ee1000 	C:\WINDOWS\System32\kernel.appcore.dll
0x00007ffa836a0000 - 0x00007ffa836b7000 	C:\WINDOWS\System32\cryptsp.dll
0x00007ffa7e260000 - 0x00007ffa7e27a000 	C:\Program Files\Android\Android Studio\jre\jre\bin\net.dll
0x00007ffa71f60000 - 0x00007ffa72135000 	C:\WINDOWS\SYSTEM32\urlmon.dll
0x00007ffa71390000 - 0x00007ffa71636000 	C:\WINDOWS\SYSTEM32\iertutil.dll
0x00007ffa828e0000 - 0x00007ffa828ec000 	C:\WINDOWS\SYSTEM32\CRYPTBASE.DLL
0x00007ffa82710000 - 0x00007ffa82777000 	C:\WINDOWS\system32\mswsock.dll
0x00007ffa7c0a0000 - 0x00007ffa7c0b3000 	C:\Program Files\Android\Android Studio\jre\jre\bin\nio.dll

VM Arguments:
java_command: org.jetbrains.kotlin.cli.jvm.K2JVMCompiler -Xallow-no-source-files -classpath C:\android\HW4L6\app\build\intermediates\compile_and_runtime_not_namespaced_r_class_jar\debug\R.jar;C:\Users\Acer\.gradle\caches\transforms-2\files-2.1\4edc8dbd99773f28e2a7b1e4cd6b34b8\jetified-kotlin-android-extensions-runtime-1.3.71.jar;C:\Users\Acer\.gradle\caches\transforms-2\files-2.1\5ac4f016b56346097b72272ddf910bbb\jetified-kotlin-stdlib-jdk7-1.3.71.jar;C:\Users\Acer\.gradle\caches\transforms-2\files-2.1\6a3eb0c3ec49e0c349181a9226308d52\jetified-core-ktx-1.2.0-api.jar;C:\Users\Acer\.gradle\caches\transforms-2\files-2.1\b0f1bd8cd168fc0b8d1f2fa88e39ed16\jetified-kotlin-stdlib-1.3.71.jar;C:\Users\Acer\.gradle\caches\transforms-2\files-2.1\5b011bf8f96909f1d80665d60c689e8c\jetified-kotlin-stdlib-common-1.3.71.jar;C:\Users\Acer\.gradle\caches\transforms-2\files-2.1\26cf78bb6b07421cf8d69c0aa6fe6948\jetified-annotations-13.0.jar;C:\Users\Acer\.gradle\caches\transforms-2\files-2.1\84a45784f46bf7a59e8bb373c38aa823\appcompat-1.1.0-api.jar;C:\Users\Acer\.gradle\caches\transforms-2\files-2.1\275b74f5fb15a58985a054afaf36422b\fragment-1.1.0-api.jar;C:\Users\Acer\.gradle\caches\transforms-2\files-2.1\a3695263531455df25d5b884ea62cbfa\jetified-appcompat-resources-1.1.0-api.jar;C:\Users\Acer\.gradle\caches\transforms-2\files-2.1\cfd9fc1aca56ebb1981c499e852d2410\drawerlayout-1.0.0-api.jar;C:\Users\Acer\.gradle\caches\transforms-2\files-2.1\c98c54c44fe430e6711b2f751626a75b\viewpager-1.0.0-api.jar;C:\Users\Acer\.gradle\caches\transforms-2\files-2.1\e178083d8f5d8c3d0df7744f6a1efd49\loader-1.0.0-api.jar;C:\Users\Acer\.gradle\caches\transforms-2\files-2.1\bc67fefb73def540e7d7737491242101\jetified-activity-1.0.0-api.jar;C:\Users\Acer\.gradle\caches\transforms-2\files-2.1\99291c91fa73c526834939e4dfdd2be6\vectordrawable-animated-1.1.0-api.jar;C:\Users\Acer\.gradle\caches\transforms-2\files-2.1\735224ec2a1ced1ee0f1878edf472ca5\vectordrawable-1.1.0-api.jar;C:\Users\Acer\.gradle\caches\transforms-
java_class_path (initial): C:\Users\Acer\.gradle\caches\modules-2\files-2.1\org.jetbrains.kotlin\kotlin-compiler-embeddable\1.3.71\df961ae412445788a38170e27f90bad4e0824153\kotlin-compiler-embeddable-1.3.71.jar;C:\Users\Acer\.gradle\caches\modules-2\files-2.1\org.jetbrains.kotlin\kotlin-reflect\1.3.71\fca74670d8e6906a3241b3cf3732409ca77b2508\kotlin-reflect-1.3.71.jar;C:\Users\Acer\.gradle\caches\modules-2\files-2.1\org.jetbrains.kotlin\kotlin-stdlib\1.3.71\898273189ad22779da6bed88ded39b14cb5fd432\kotlin-stdlib-1.3.71.jar;C:\Users\Acer\.gradle\caches\modules-2\files-2.1\org.jetbrains.kotlin\kotlin-script-runtime\1.3.71\7f5522e7a9d1736fabfdb4335630f64504ce8f20\kotlin-script-runtime-1.3.71.jar;C:\Users\Acer\.gradle\caches\modules-2\files-2.1\org.jetbrains.kotlin\kotlin-daemon-embeddable\1.3.71\9729c4da2369c4cb84514297f6c652e05dc49d6b\kotlin-daemon-embeddable-1.3.71.jar;C:\Users\Acer\.gradle\caches\modules-2\files-2.1\org.jetbrains.intellij.deps\trove4j\1.0.20181211\216c2e14b070f334479d800987affe4054cd563f\trove4j-1.0.20181211.jar;C:\Users\Acer\.gradle\caches\modules-2\files-2.1\org.jetbrains.kotlin\kotlin-stdlib-common\1.3.71\e71c3fef58e26affeb03d675e91fd8abdd44aa7b\kotlin-stdlib-common-1.3.71.jar;C:\Users\Acer\.gradle\caches\modules-2\files-2.1\org.jetbrains\annotations\13.0\919f0dfe192fb4e063e7dacadee7f8bb9a2672a9\annotations-13.0.jar;C:\Program Files\Android\Android Studio\jre\lib\tools.jar
Launcher Type: SUN_STANDARD

Environment Variables:
USERNAME=Acer
OS=Windows_NT
PROCESSOR_IDENTIFIER=Intel64 Family 6 Model 158 Stepping 10, GenuineIntel



---------------  S Y S T E M  ---------------

OS: Windows 10.0 , 64 bit Build 18362 (10.0.18362.329)

CPU:total 12 (initial active 12) (6 cores per cpu, 2 threads per core) family 6 model 158 stepping 10, cmov, cx8, fxsr, mmx, sse, sse2, sse3, ssse3, sse4.1, sse4.2, popcnt, avx, avx2, aes, clmul, erms, 3dnowpref, lzcnt, ht, tsc, tscinvbit, bmi1, bmi2, adx

Memory: 4k page, physical 8227124k(1406628k free), swap 10291508k(5312k free)

vm_info: OpenJDK 64-Bit Server VM (25.212-b04) for windows-amd64 JRE (1.8.0_212-release-1586-b04), built by "builder" with MS VC++ 10.0 (VS2010)

time: Tue Apr 07 18:40:35 2020
timezone: RTZ 4 (зима)
elapsed time: 1 seconds (0d 0h 0m 1s)

